<?xml version="1.0" encoding="UTF-8"?>
<!-- Generated by org.testng.reporters.JUnitXMLReporter -->
<testsuite ignored="0" hostname="seleniuminstance1-0" failures="0" tests="3" name="Surefire test" time="26.083" errors="0" timestamp="2023-08-10T13:13:55 UTC">
  <testcase classname="testcases.Testcase1" name="Register" time="7.828"/>
  <testcase classname="testcases.Testcase1" name="Valid_Login_TC" time="2.858"/>
  <testcase classname="testcases.Testcase1" name="TC_Vote_003" time="3.088"/>
</testsuite> <!-- Surefire test -->
